<?xml version="1.0" encoding="UTF-8"?>
<!-- Generated by org.testng.reporters.JUnitReportReporter -->
<testsuite hostname="VijiVino" failures="0" tests="1" name="com.POM.LoginTest" time="9.133" errors="0" timestamp="2024-09-20T10:59:28 CDT" skipped="0">
  <testcase classname="com.POM.LoginTest" name="login" time="9.133"/>
</testsuite> <!-- com.POM.LoginTest -->
