<?xml version="1.0" encoding="UTF-8"?>
<!-- Generated by org.testng.reporters.JUnitReportReporter -->
<testsuite hostname="VijiVino" failures="0" tests="1" name="com.selenium.FirstTestNG" time="2.958" errors="0" timestamp="2024-09-10T14:55:39 CDT" skipped="0">
  <testcase classname="com.selenium.FirstTestNG" name="opengoogle" time="2.958"/>
</testsuite> <!-- com.selenium.FirstTestNG -->
