<?xml version="1.0" encoding="UTF-8"?>
<!-- Generated by org.testng.reporters.JUnitReportReporter -->
<testsuite hostname="VijiVino" failures="0" tests="1" name="com.selenium.DatePicker" time="3.485" errors="0" timestamp="2024-09-13T15:02:27 CDT" skipped="0">
  <testcase classname="com.selenium.DatePicker" name="calendar" time="3.485"/>
</testsuite> <!-- com.selenium.DatePicker -->
