<?xml version="1.0" encoding="UTF-8"?>
<!-- Generated by org.testng.reporters.JUnitReportReporter -->
<testsuite hostname="VijiVino" failures="0" tests="1" name="com.selenium.Javascipt" time="33.920" errors="0" timestamp="2024-09-16T12:44:46 CDT" skipped="0">
  <testcase classname="com.selenium.Javascipt" name="jscript" time="33.920"/>
</testsuite> <!-- com.selenium.Javascipt -->
