<?xml version="1.0" encoding="UTF-8"?>
<!-- Generated by org.testng.reporters.JUnitReportReporter -->
<testsuite hostname="VijiVino" failures="0" tests="1" name="com.selenium.ExcelReadWrite" time="0.446" errors="0" timestamp="2024-09-17T16:23:28 CDT" skipped="0">
  <testcase classname="com.selenium.ExcelReadWrite" name="readdata" time="0.446"/>
</testsuite> <!-- com.selenium.ExcelReadWrite -->
