<?xml version="1.0" encoding="UTF-8"?>
<!-- Generated by org.testng.reporters.JUnitReportReporter -->
<testsuite hostname="VijiVino" failures="0" tests="1" name="com.selenium.Webtable" time="4.518" errors="0" timestamp="2024-09-12T11:01:53 CDT" skipped="0">
  <testcase classname="com.selenium.Webtable" name="Bookflight" time="4.518"/>
</testsuite> <!-- com.selenium.Webtable -->
