<?xml version="1.0" encoding="UTF-8"?>
<!-- Generated by org.testng.reporters.JUnitReportReporter -->
<testsuite hostname="VijiVino" failures="0" tests="1" name="com.selenium.Screenshot" time="7.995" errors="0" timestamp="2024-09-16T15:52:34 CDT" skipped="0">
  <testcase classname="com.selenium.Screenshot" name="mouseactions" time="7.995"/>
</testsuite> <!-- com.selenium.Screenshot -->
