<?xml version="1.0" encoding="UTF-8"?>
<!-- Generated by org.testng.reporters.JUnitReportReporter -->
<testsuite hostname="VijiVino" failures="0" tests="1" name="com.selenium.ShadowDom" time="4.589" errors="0" timestamp="2024-09-17T11:51:17 CDT" skipped="0">
  <testcase classname="com.selenium.ShadowDom" name="shadowdom" time="4.589"/>
</testsuite> <!-- com.selenium.ShadowDom -->
