<?xml version="1.0" encoding="UTF-8"?>
<!-- Generated by org.testng.reporters.JUnitReportReporter -->
<testsuite hostname="VijiVino" failures="0" tests="1" name="com.Grid.loginSample" time="11.035" errors="0" timestamp="2024-09-25T10:27:11 CDT" skipped="0">
  <testcase classname="com.Grid.loginSample" name="login" time="11.035"/>
</testsuite> <!-- com.Grid.loginSample -->
