<?xml version="1.0" encoding="UTF-8"?>
<!-- Generated by org.testng.reporters.JUnitReportReporter -->
<testsuite hostname="VijiVino" failures="0" tests="1" name="com.selenium.interactions" time="5.173" errors="0" timestamp="2024-09-16T10:28:16 CDT" skipped="0">
  <testcase classname="com.selenium.interactions" name="mouseactions" time="5.173"/>
</testsuite> <!-- com.selenium.interactions -->
