<?xml version="1.0" encoding="UTF-8"?>
<!-- Generated by org.testng.reporters.JUnitReportReporter -->
<testsuite hostname="VijiVino" failures="0" tests="4" name="com.testNG.Crossbrowser" time="37.053" errors="0" timestamp="2024-09-24T13:36:00 CDT" skipped="0">
  <testcase classname="com.testNG.Crossbrowser" name="login" time="7.996"/>
  <testcase classname="com.testNG.Crossbrowser" name="login" time="6.463"/>
  <testcase classname="com.testNG.Crossbrowser" name="login" time="13.127"/>
  <testcase classname="com.testNG.Crossbrowser" name="login" time="9.467"/>
</testsuite> <!-- com.testNG.Crossbrowser -->
