<?xml version="1.0" encoding="UTF-8"?>
<!-- Generated by org.testng.reporters.JUnitReportReporter -->
<testsuite hostname="VijiVino" failures="0" tests="1" name="com.Grid.loginSample" time="6.710" errors="0" timestamp="2024-09-26T09:54:26 CDT" skipped="0">
  <testcase classname="com.Grid.loginSample" name="login" time="6.710"/>
</testsuite> <!-- com.Grid.loginSample -->
